<?xml version="1.0" encoding="UTF-8"?>
<testsuite xmlns:xsi="http://www.w3.org/2001/XMLSchema-instance" xsi:noNamespaceSchemaLocation="https://maven.apache.org/surefire/maven-surefire-plugin/xsd/surefire-test-report.xsd" name="LoginTest" time="0.03" tests="1" errors="1" skipped="0" failures="0">
  <properties>
[...]
</properties>
  <testcase name="testLogin" classname="LoginTest" time="0.005">
    <error type="java.lang.NullPointerException">java.lang.NullPointerException
	at LoginTest.testLogin(LoginTest.java:15)
</error>
  </testcase>
</testsuite>